<?xml version="1.0" encoding="UTF-8"?>
<!-- Generated by org.testng.reporters.JUnitXMLReporter -->
<testsuite hostname="DESKTOP-A65JLV2" ignored="3" name="case2" tests="3" failures="0" timestamp="31 三月 2019 11:46:48 GMT" time="0.033" errors="0">
  <testcase name="groupA001" time="0.005" classname="com.basics.tests.TestGroup"/>
  <testcase name="groupA002" time="0.001" classname="com.basics.tests.TestGroup"/>
  <testcase name="testG" time="0.0" classname="com.basics.tests.TestGroup2"/>
  <testcase name="groupAB" time="0.0" classname="com.basics.tests.TestGroup">
    <ignored/>
  </testcase> <!-- groupAB -->
  <testcase name="groupB001" time="0.0" classname="com.basics.tests.TestGroup">
    <ignored/>
  </testcase> <!-- groupB001 -->
  <testcase name="groupB002" time="0.0" classname="com.basics.tests.TestGroup">
    <ignored/>
  </testcase> <!-- groupB002 -->
</testsuite> <!-- case2 -->
